[18:48:57] [Server thread/INFO]: Starting minecraft server version 1.8.8
[18:48:57] [Server thread/INFO]: Loading properties
[18:48:57] [Server thread/INFO]: Default game type: SURVIVAL
[18:48:57] [Server thread/INFO]: This server is running CraftBukkit version git-PaperSpigot-445 (MC: 1.8.8) (Implementing API version 1.8.8-R0.1-SNAPSHOT)
[18:48:57] [Server thread/INFO]: Debug logging is disabled
[18:48:57] [Server thread/INFO]: Spigot Timings: true - Verbose: true - Interval: 5m - Length: 60m
[18:48:57] [Server thread/INFO]: Server Ping Player Sample Count: 12

[18:48:57] [Server thread/INFO]: Using 4 threads for Netty based IO
[18:48:57] [Server thread/INFO]: Data value allowed items: 
[18:48:57] [Server thread/WARN]: java.lang.NoSuchFieldException: modifiers

[18:48:57] [Server thread/WARN]: 	at java.base/java.lang.Class.getDeclaredField(Class.java:2782)

[18:48:57] [Server thread/WARN]: 	at org.github.paperspigot.PaperSpigotConfig.stackableBuckets(PaperSpigotConfig.java:192)

[18:48:57] [Server thread/WARN]: 	at java.base/jdk.internal.reflect.DirectMethodHandleAccessor.invoke(DirectMethodHandleAccessor.java:103)

[18:48:57] [Server thread/WARN]: 	at java.base/java.lang.reflect.Method.invoke(Method.java:580)

[18:48:57] [Server thread/WARN]: 	at org.github.paperspigot.PaperSpigotConfig.readConfig(PaperSpigotConfig.java:84)

[18:48:57] [Server thread/WARN]: 	at org.github.paperspigot.PaperSpigotConfig.init(PaperSpigotConfig.java:62)

[18:48:57] [Server thread/WARN]: 	at net.minecraft.server.v1_8_R3.DedicatedServer.init(DedicatedServer.java:181)

[18:48:57] [Server thread/WARN]: 	at net.minecraft.server.v1_8_R3.MinecraftServer.run(MinecraftServer.java:563)

[18:48:57] [Server thread/WARN]: 	at java.base/java.lang.Thread.run(Thread.java:1583)

[18:48:57] [Server thread/INFO]: Generating keypair
[18:48:58] [Server thread/INFO]: Starting Minecraft server on localhost:25565
[18:48:58] [Server thread/INFO]: Your platform does not provide complete low-level API for accessing direct buffers reliably. Unless explicitly requested, heap buffer will always be preferred to avoid potential system unstability.
[18:48:58] [Server thread/INFO]: Using default channel type
[18:48:58] [Server thread/INFO]: Set PluginClassLoader as parallel capable
[18:48:58] [Server thread/INFO]: [PlayerCarry] Loading PlayerCarry v1.1
[18:48:58] [Server thread/INFO]: [SimpleTpa] Loading SimpleTpa v6.4
[18:48:58] [Server thread/INFO]: [SimpleHomes] Loading SimpleHomes v2.2
[18:48:58] [Server thread/INFO]: [WorldEdit] Loading WorldEdit v6.1;no_git_id
[18:48:58] [Server thread/INFO]: [IPortal] Loading IPortal v1.0
[18:48:58] [Server thread/INFO]: [LoginSecurity] Loading LoginSecurity v3.2.0
[18:48:58] [Server thread/WARN]: **** SERVER IS RUNNING IN OFFLINE/INSECURE MODE!
[18:48:58] [Server thread/WARN]: The server will make no attempt to authenticate usernames. Beware.
[18:48:58] [Server thread/WARN]: Whilst this makes it possible to use BungeeCord, unless access to your server is properly restricted, it also opens up the ability for hackers to connect with any username they choose.
[18:48:58] [Server thread/WARN]: Please see http://www.spigotmc.org/wiki/firewall-guide/ for further information.
[18:48:58] [Server thread/WARN]: To change this, set "online-mode" to "true" in the server.properties file.
[18:48:58] [Server thread/INFO]: **** Beginning UUID conversion, this may take A LONG time ****
[18:48:58] [Server thread/INFO]: Preparing level "world"
[18:48:58] [Server thread/INFO]: -------- World Settings For [world] --------
[18:48:58] [Server thread/INFO]: Mob Spawn Range: 4
[18:48:58] [Server thread/INFO]: Anti X-Ray: true
[18:48:58] [Server thread/INFO]: 	Engine Mode: 1
[18:48:58] [Server thread/INFO]: 	Hidden Blocks: [14, 15, 16, 21, 48, 49, 54, 56, 73, 74, 82, 129, 130]
[18:48:58] [Server thread/INFO]: 	Replace Blocks: [1, 5]
[18:48:58] [Server thread/INFO]: Nerfing mobs spawned from spawners: false
[18:48:58] [Server thread/INFO]: Cactus Growth Modifier: 100%
[18:48:58] [Server thread/INFO]: Cane Growth Modifier: 100%
[18:48:58] [Server thread/INFO]: Melon Growth Modifier: 100%
[18:48:58] [Server thread/INFO]: Mushroom Growth Modifier: 100%
[18:48:58] [Server thread/INFO]: Pumpkin Growth Modifier: 100%
[18:48:58] [Server thread/INFO]: Sapling Growth Modifier: 100%
[18:48:58] [Server thread/INFO]: Wheat Growth Modifier: 100%
[18:48:58] [Server thread/INFO]: NetherWart Growth Modifier: 100%
[18:48:58] [Server thread/INFO]: Entity Activation Range: An 32 / Mo 32 / Mi 16
[18:48:58] [Server thread/INFO]: Entity Tracking Range: Pl 48 / An 48 / Mo 48 / Mi 32 / Other 64
[18:48:58] [Server thread/INFO]: Hopper Transfer: 8 Hopper Check: 8 Hopper Amount: 1
[18:48:58] [Server thread/INFO]: Random Lighting Updates: false
[18:48:58] [Server thread/INFO]: Structure Info Saving: true
[18:48:58] [Server thread/INFO]: Sending up to 10 chunks per packet
[18:48:58] [Server thread/INFO]: Max Entity Collisions: 8
[18:48:58] [Server thread/INFO]: Custom Map Seeds:  Village: 10387312 Feature: 14357617
[18:48:58] [Server thread/INFO]: Max TNT Explosions: 100
[18:48:58] [Server thread/INFO]: Tile Max Tick Time: 50ms Entity max Tick Time: 50ms
[18:48:58] [Server thread/INFO]: Item Despawn Rate: 6000
[18:48:58] [Server thread/INFO]: Item Merge Radius: 2.5
[18:48:58] [Server thread/INFO]: Arrow Despawn Rate: 1200
[18:48:58] [Server thread/INFO]: Allow Zombie Pigmen to spawn from portal blocks: true
[18:48:58] [Server thread/INFO]: View Distance: 4
[18:48:58] [Server thread/INFO]: Zombie Aggressive Towards Villager: true
[18:48:58] [Server thread/INFO]: Chunks to Grow per Tick: 650
[18:48:58] [Server thread/INFO]: Clear tick list: false
[18:48:58] [Server thread/INFO]: Experience Merge Radius: 3.0
[18:48:58] [Server thread/INFO]: -------- World Settings For [world] --------
[18:48:58] [Server thread/INFO]: Player blocking damage multiplier set to 0.5
[18:48:58] [Server thread/INFO]: Squids will spawn between Y: 45.0 and Y: 63.0
[18:48:58] [Server thread/INFO]: Max height for cactus growth 3. Max height for reed growth 3
[18:48:58] [Server thread/INFO]: Living Entity Despawn Ranges:  Soft: 32 Hard: 128
[18:48:58] [Server thread/INFO]: Remove invalid mob spawner tile entities: true
[18:48:58] [Server thread/INFO]: Water over lava flow speed: 5
[18:48:58] [Server thread/INFO]: Fix TNT cannons: false
[18:48:58] [Server thread/INFO]: Allow undead horse types to be leashed: false
[18:48:58] [Server thread/INFO]: Keep spawn chunk loaded: true
[18:48:58] [Server thread/INFO]: World async lighting: false
[18:48:58] [Server thread/INFO]: WorldServer TickNextTick cap set at 10000
[18:48:58] [Server thread/INFO]: WorldServer TickNextTickList cap always processes redstone: false
[18:48:58] [Server thread/INFO]: -------- World Settings For [world_nether] --------
[18:48:58] [Server thread/INFO]: Mob Spawn Range: 4
[18:48:58] [Server thread/INFO]: Anti X-Ray: true
[18:48:58] [Server thread/INFO]: 	Engine Mode: 1
[18:48:58] [Server thread/INFO]: 	Hidden Blocks: [14, 15, 16, 21, 48, 49, 54, 56, 73, 74, 82, 129, 130]
[18:48:58] [Server thread/INFO]: 	Replace Blocks: [1, 5]
[18:48:58] [Server thread/INFO]: Nerfing mobs spawned from spawners: false
[18:48:58] [Server thread/INFO]: Cactus Growth Modifier: 100%
[18:48:58] [Server thread/INFO]: Cane Growth Modifier: 100%
[18:48:58] [Server thread/INFO]: Melon Growth Modifier: 100%
[18:48:58] [Server thread/INFO]: Mushroom Growth Modifier: 100%
[18:48:58] [Server thread/INFO]: Pumpkin Growth Modifier: 100%
[18:48:58] [Server thread/INFO]: Sapling Growth Modifier: 100%
[18:48:58] [Server thread/INFO]: Wheat Growth Modifier: 100%
[18:48:58] [Server thread/INFO]: NetherWart Growth Modifier: 100%
[18:48:58] [Server thread/INFO]: Entity Activation Range: An 32 / Mo 32 / Mi 16
[18:48:58] [Server thread/INFO]: Entity Tracking Range: Pl 48 / An 48 / Mo 48 / Mi 32 / Other 64
[18:48:58] [Server thread/INFO]: Hopper Transfer: 8 Hopper Check: 8 Hopper Amount: 1
[18:48:58] [Server thread/INFO]: Random Lighting Updates: false
[18:48:58] [Server thread/INFO]: Structure Info Saving: true
[18:48:58] [Server thread/INFO]: Sending up to 10 chunks per packet
[18:48:58] [Server thread/INFO]: Max Entity Collisions: 8
[18:48:58] [Server thread/INFO]: Custom Map Seeds:  Village: 10387312 Feature: 14357617
[18:48:58] [Server thread/INFO]: Max TNT Explosions: 100
[18:48:58] [Server thread/INFO]: Tile Max Tick Time: 50ms Entity max Tick Time: 50ms
[18:48:58] [Server thread/INFO]: Item Despawn Rate: 6000
[18:48:58] [Server thread/INFO]: Item Merge Radius: 2.5
[18:48:58] [Server thread/INFO]: Arrow Despawn Rate: 1200
[18:48:58] [Server thread/INFO]: Allow Zombie Pigmen to spawn from portal blocks: true
[18:48:58] [Server thread/INFO]: View Distance: 4
[18:48:59] [Server thread/INFO]: Zombie Aggressive Towards Villager: true
[18:48:59] [Server thread/INFO]: Chunks to Grow per Tick: 650
[18:48:59] [Server thread/INFO]: Clear tick list: false
[18:48:59] [Server thread/INFO]: Experience Merge Radius: 3.0
[18:48:59] [Server thread/INFO]: -------- World Settings For [world_nether] --------
[18:48:59] [Server thread/INFO]: Player blocking damage multiplier set to 0.5
[18:48:59] [Server thread/INFO]: Squids will spawn between Y: 45.0 and Y: 63.0
[18:48:59] [Server thread/INFO]: Max height for cactus growth 3. Max height for reed growth 3
[18:48:59] [Server thread/INFO]: Living Entity Despawn Ranges:  Soft: 32 Hard: 128
[18:48:59] [Server thread/INFO]: Remove invalid mob spawner tile entities: true
[18:48:59] [Server thread/INFO]: Water over lava flow speed: 5
[18:48:59] [Server thread/INFO]: Fix TNT cannons: false
[18:48:59] [Server thread/INFO]: Allow undead horse types to be leashed: false
[18:48:59] [Server thread/INFO]: Keep spawn chunk loaded: true
[18:48:59] [Server thread/INFO]: World async lighting: false
[18:48:59] [Server thread/INFO]: WorldServer TickNextTick cap set at 10000
[18:48:59] [Server thread/INFO]: WorldServer TickNextTickList cap always processes redstone: false
[18:48:59] [Server thread/INFO]: -------- World Settings For [world_the_end] --------
[18:48:59] [Server thread/INFO]: Mob Spawn Range: 4
[18:48:59] [Server thread/INFO]: Anti X-Ray: true
[18:48:59] [Server thread/INFO]: 	Engine Mode: 1
[18:48:59] [Server thread/INFO]: 	Hidden Blocks: [14, 15, 16, 21, 48, 49, 54, 56, 73, 74, 82, 129, 130]
[18:48:59] [Server thread/INFO]: 	Replace Blocks: [1, 5]
[18:48:59] [Server thread/INFO]: Nerfing mobs spawned from spawners: false
[18:48:59] [Server thread/INFO]: Cactus Growth Modifier: 100%
[18:48:59] [Server thread/INFO]: Cane Growth Modifier: 100%
[18:48:59] [Server thread/INFO]: Melon Growth Modifier: 100%
[18:48:59] [Server thread/INFO]: Mushroom Growth Modifier: 100%
[18:48:59] [Server thread/INFO]: Pumpkin Growth Modifier: 100%
[18:48:59] [Server thread/INFO]: Sapling Growth Modifier: 100%
[18:48:59] [Server thread/INFO]: Wheat Growth Modifier: 100%
[18:48:59] [Server thread/INFO]: NetherWart Growth Modifier: 100%
[18:48:59] [Server thread/INFO]: Entity Activation Range: An 32 / Mo 32 / Mi 16
[18:48:59] [Server thread/INFO]: Entity Tracking Range: Pl 48 / An 48 / Mo 48 / Mi 32 / Other 64
[18:48:59] [Server thread/INFO]: Hopper Transfer: 8 Hopper Check: 8 Hopper Amount: 1
[18:48:59] [Server thread/INFO]: Random Lighting Updates: false
[18:48:59] [Server thread/INFO]: Structure Info Saving: true
[18:48:59] [Server thread/INFO]: Sending up to 10 chunks per packet
[18:48:59] [Server thread/INFO]: Max Entity Collisions: 8
[18:48:59] [Server thread/INFO]: Custom Map Seeds:  Village: 10387312 Feature: 14357617
[18:48:59] [Server thread/INFO]: Max TNT Explosions: 100
[18:48:59] [Server thread/INFO]: Tile Max Tick Time: 50ms Entity max Tick Time: 50ms
[18:48:59] [Server thread/INFO]: Item Despawn Rate: 6000
[18:48:59] [Server thread/INFO]: Item Merge Radius: 2.5
[18:48:59] [Server thread/INFO]: Arrow Despawn Rate: 1200
[18:48:59] [Server thread/INFO]: Allow Zombie Pigmen to spawn from portal blocks: true
[18:48:59] [Server thread/INFO]: View Distance: 4
[18:48:59] [Server thread/INFO]: Zombie Aggressive Towards Villager: true
[18:48:59] [Server thread/INFO]: Chunks to Grow per Tick: 650
[18:48:59] [Server thread/INFO]: Clear tick list: false
[18:48:59] [Server thread/INFO]: Experience Merge Radius: 3.0
[18:48:59] [Server thread/INFO]: -------- World Settings For [world_the_end] --------
[18:48:59] [Server thread/INFO]: Player blocking damage multiplier set to 0.5
[18:48:59] [Server thread/INFO]: Squids will spawn between Y: 45.0 and Y: 63.0
[18:48:59] [Server thread/INFO]: Max height for cactus growth 3. Max height for reed growth 3
[18:48:59] [Server thread/INFO]: Living Entity Despawn Ranges:  Soft: 32 Hard: 128
[18:48:59] [Server thread/INFO]: Remove invalid mob spawner tile entities: true
[18:48:59] [Server thread/INFO]: Water over lava flow speed: 5
[18:48:59] [Server thread/INFO]: Fix TNT cannons: false
[18:48:59] [Server thread/INFO]: Allow undead horse types to be leashed: false
[18:48:59] [Server thread/INFO]: Keep spawn chunk loaded: true
[18:48:59] [Server thread/INFO]: World async lighting: false
[18:48:59] [Server thread/INFO]: WorldServer TickNextTick cap set at 10000
[18:48:59] [Server thread/INFO]: WorldServer TickNextTickList cap always processes redstone: false
[18:48:59] [Server thread/INFO]: Preparing start region for level 0 (Seed: 5030927234482762677)
[18:49:00] [Server thread/INFO]: Preparing spawn area: 56%
[18:49:00] [Server thread/INFO]: Preparing start region for level 1 (Seed: 5030927234482762677)
[18:49:01] [Server thread/INFO]: Preparing spawn area: 92%
[18:49:01] [Server thread/INFO]: Preparing start region for level 2 (Seed: 5030927234482762677)
[18:49:01] [Server thread/INFO]: [PlayerCarry] Enabling PlayerCarry v1.1
[18:49:01] [Server thread/INFO]: [SimpleTpa] Enabling SimpleTpa v6.4
[18:49:01] [Server thread/INFO]: [0;33;1m[21m[SimpleTpa] If you need support contact me at https://discord.gg/SZUkza9[m

[18:49:01] [Server thread/INFO]: [0;33;1m[21m[SimpleTpa] Simple Tpa has been enabled on version 6.4[m

[18:49:01] [Server thread/INFO]: Enabled metrics. You may opt-out by changing plugins/bStats/config.yml
[18:49:01] [Server thread/INFO]: [SimpleHomes] Enabling SimpleHomes v2.2
[18:49:01] [Server thread/INFO]: [WorldEdit] Enabling WorldEdit v6.1;no_git_id
[18:49:02] [Server thread/INFO]: WEPIF: Using the Bukkit Permissions API.
[18:49:02] [Server thread/INFO]: [WorldEdit] Using com.sk89q.worldedit.bukkit.adapter.impl.Spigot_v1_8_R3 as the Bukkit adapter
[18:49:02] [Server thread/INFO]: [IPortal] Enabling IPortal v1.0
[18:49:02] [Server thread/INFO]: [IPortal] IPortal has been enabled!
[18:49:02] [Server thread/INFO]: [LoginSecurity] Enabling LoginSecurity v3.2.0
[18:49:02] [Server thread/INFO]: [LoginSecurity] Loading base translations from "en_us"
[18:49:02] [Server thread/INFO]: [LoginSecurity] Loading specified translations from "en_us"
[18:49:02] [Server thread/INFO]: [LoginSecurity] Registering commands...
[18:49:02] [Server thread/INFO]: [LoginSecurity] Registering listeners...
[18:49:02] [Server thread/INFO]: Server permissions file permissions.yml is empty, ignoring it
[18:49:02] [Server thread/INFO]: Done (3.885s)! For help, type "help" or "?"
[18:49:02] [Server thread/INFO]: Timings Reset
[18:49:03] [Craft Scheduler Thread - 0/INFO]: [0;31;1m[21m[SimpleTpa] There is a new update available.[m

[18:49:03] [Craft Scheduler Thread - 0/INFO]: [0;31;1m[SimpleTpa] There is a new update available:[m

[18:49:03] [Craft Scheduler Thread - 0/INFO]: [0;31;1m[SimpleTpa] https://www.spigotmc.org/resources/simple-tpa.64270/[m

[18:49:15] [Thread-7/INFO]: UUID of player Dayrod009 is ddc482d0-b779-37fb-88bb-2190281a831a
[18:49:15] [Server thread/INFO]: Dayrod009[/[0:0:0:0:0:0:0:1]:48538] logged in with entity id 536 at ([world]56.67445598054863, 85.0, 141.99128903662097)
[18:49:24] [pool-4-thread-1/WARN]: [LoginSecurity] Updater was in unexpected state, please report on https://github.com/lenis0012/LoginSecurity-2/issues
[18:49:47] [Server thread/INFO]: Dayrod009 issued server command: /carry
[18:50:22] [Server thread/INFO]: Dayrod009 issued server command: /gamemode creative
[18:50:22] [Server thread/INFO]: [Dayrod009: Set own game mode to Creative Mode]
[18:52:29] [Server thread/INFO]: Dayrod009 issued server command: /home netherbase
[18:52:51] [Server thread/INFO]: Dayrod009 issued server command: /home d
[18:53:54] [Thread-8/INFO]: UUID of player Dayrod_009 is 824cd5e3-f53c-334b-8be2-c7ebbde05eb9
[18:53:54] [Server thread/INFO]: Dayrod_009[/[0:0:0:0:0:0:0:1]:41710] logged in with entity id 3804 at ([world]21.182719281189964, 69.0, -44.69999998807907)
[18:54:17] [Server thread/INFO]: Dayrod009 issued server command: /tp Dayrod_009 Dayrod009
[18:54:17] [Server thread/INFO]: [Dayrod009: Teleported Dayrod_009 to Dayrod009]
[18:54:35] [Server thread/INFO]: Dayrod_009 burned to death
[18:54:46] [Server thread/INFO]: Dayrod009 issued server command: /butcher
[18:54:55] [Server thread/INFO]: Dayrod_009 issued server command: /back
[18:55:07] [Server thread/INFO]: Dayrod009 issued server command: /carry Dayrod_009
[18:55:14] [Server thread/INFO]: Dayrod009 issued server command: /carry Dayrod_009
[18:55:14] [Server thread/ERROR]: null
org.bukkit.command.CommandException: Unhandled exception executing command 'carry' in plugin PlayerCarry v1.1
	at org.bukkit.command.PluginCommand.execute(PluginCommand.java:47) ~[patched_1.8.8.jar:git-PaperSpigot-445]
	at org.bukkit.command.SimpleCommandMap.dispatch(SimpleCommandMap.java:146) ~[patched_1.8.8.jar:git-PaperSpigot-445]
	at org.bukkit.craftbukkit.v1_8_R3.CraftServer.dispatchCommand(CraftServer.java:666) ~[patched_1.8.8.jar:git-PaperSpigot-445]
	at net.minecraft.server.v1_8_R3.PlayerConnection.handleCommand(PlayerConnection.java:1189) ~[patched_1.8.8.jar:git-PaperSpigot-445]
	at net.minecraft.server.v1_8_R3.PlayerConnection.a(PlayerConnection.java:1001) ~[patched_1.8.8.jar:git-PaperSpigot-445]
	at net.minecraft.server.v1_8_R3.PacketPlayInChat.a(PacketPlayInChat.java:45) ~[patched_1.8.8.jar:git-PaperSpigot-445]
	at net.minecraft.server.v1_8_R3.PacketPlayInChat.a(PacketPlayInChat.java:1) ~[patched_1.8.8.jar:git-PaperSpigot-445]
	at net.minecraft.server.v1_8_R3.PlayerConnectionUtils$1.run(SourceFile:13) ~[patched_1.8.8.jar:git-PaperSpigot-445]
	at java.util.concurrent.Executors$RunnableAdapter.call(Executors.java:572) ~[?:?]
	at java.util.concurrent.FutureTask.run(FutureTask.java:317) ~[?:?]
	at net.minecraft.server.v1_8_R3.SystemUtils.a(SourceFile:44) ~[patched_1.8.8.jar:git-PaperSpigot-445]
	at net.minecraft.server.v1_8_R3.MinecraftServer.B(MinecraftServer.java:774) ~[patched_1.8.8.jar:git-PaperSpigot-445]
	at net.minecraft.server.v1_8_R3.DedicatedServer.B(DedicatedServer.java:378) ~[patched_1.8.8.jar:git-PaperSpigot-445]
	at net.minecraft.server.v1_8_R3.MinecraftServer.A(MinecraftServer.java:713) ~[patched_1.8.8.jar:git-PaperSpigot-445]
	at net.minecraft.server.v1_8_R3.MinecraftServer.run(MinecraftServer.java:616) ~[patched_1.8.8.jar:git-PaperSpigot-445]
	at java.lang.Thread.run(Thread.java:1583) [?:?]
Caused by: java.lang.NoSuchMethodError: 'boolean org.bukkit.entity.Player.addPassenger(org.bukkit.entity.Entity)'
	at me.reverseeh.playercarry.commands.Carry.onCommand(Carry.java:37) ~[?:?]
	at org.bukkit.command.PluginCommand.execute(PluginCommand.java:45) ~[patched_1.8.8.jar:git-PaperSpigot-445]
	... 15 more
[18:55:23] [Server thread/INFO]: Dayrod009 issued server command: /carry Dayrod_009
[18:55:23] [Server thread/ERROR]: null
org.bukkit.command.CommandException: Unhandled exception executing command 'carry' in plugin PlayerCarry v1.1
	at org.bukkit.command.PluginCommand.execute(PluginCommand.java:47) ~[patched_1.8.8.jar:git-PaperSpigot-445]
	at org.bukkit.command.SimpleCommandMap.dispatch(SimpleCommandMap.java:146) ~[patched_1.8.8.jar:git-PaperSpigot-445]
	at org.bukkit.craftbukkit.v1_8_R3.CraftServer.dispatchCommand(CraftServer.java:666) ~[patched_1.8.8.jar:git-PaperSpigot-445]
	at net.minecraft.server.v1_8_R3.PlayerConnection.handleCommand(PlayerConnection.java:1189) ~[patched_1.8.8.jar:git-PaperSpigot-445]
	at net.minecraft.server.v1_8_R3.PlayerConnection.a(PlayerConnection.java:1001) ~[patched_1.8.8.jar:git-PaperSpigot-445]
	at net.minecraft.server.v1_8_R3.PacketPlayInChat.a(PacketPlayInChat.java:45) ~[patched_1.8.8.jar:git-PaperSpigot-445]
	at net.minecraft.server.v1_8_R3.PacketPlayInChat.a(PacketPlayInChat.java:1) ~[patched_1.8.8.jar:git-PaperSpigot-445]
	at net.minecraft.server.v1_8_R3.PlayerConnectionUtils$1.run(SourceFile:13) ~[patched_1.8.8.jar:git-PaperSpigot-445]
	at java.util.concurrent.Executors$RunnableAdapter.call(Executors.java:572) ~[?:?]
	at java.util.concurrent.FutureTask.run(FutureTask.java:317) ~[?:?]
	at net.minecraft.server.v1_8_R3.SystemUtils.a(SourceFile:44) ~[patched_1.8.8.jar:git-PaperSpigot-445]
	at net.minecraft.server.v1_8_R3.MinecraftServer.B(MinecraftServer.java:774) ~[patched_1.8.8.jar:git-PaperSpigot-445]
	at net.minecraft.server.v1_8_R3.DedicatedServer.B(DedicatedServer.java:378) ~[patched_1.8.8.jar:git-PaperSpigot-445]
	at net.minecraft.server.v1_8_R3.MinecraftServer.A(MinecraftServer.java:713) ~[patched_1.8.8.jar:git-PaperSpigot-445]
	at net.minecraft.server.v1_8_R3.MinecraftServer.run(MinecraftServer.java:616) ~[patched_1.8.8.jar:git-PaperSpigot-445]
	at java.lang.Thread.run(Thread.java:1583) [?:?]
Caused by: java.lang.NoSuchMethodError: 'boolean org.bukkit.entity.Player.addPassenger(org.bukkit.entity.Entity)'
	at me.reverseeh.playercarry.commands.Carry.onCommand(Carry.java:37) ~[?:?]
	at org.bukkit.command.PluginCommand.execute(PluginCommand.java:45) ~[patched_1.8.8.jar:git-PaperSpigot-445]
	... 15 more
[18:55:31] [Server thread/INFO]: Dayrod_009 lost connection: Disconnected
[18:55:31] [Server thread/INFO]: Dayrod_009 left the game.
[19:00:53] [Server thread/INFO]: Dayrod009 lost connection: Disconnected
[19:00:53] [Server thread/INFO]: Dayrod009 left the game.
